app/build/intermediates/manifest_merge_blame_file/debug/manifest-merger-blame-debug-report.txt
1<?xml version="1.0" encoding="utf-8"?>
2<manifest xmlns:android="http://schemas.android.com/apk/res/android"
3    package="br.com.whitemartins.obc"
4    android:versionCode="180"
5    android:versionName="1.80" >
6
7    <uses-sdk
8        android:minSdkVersion="24"
8-->src\main\AndroidManifest.xml
9        android:targetSdkVersion="28" />
9-->src\main\AndroidManifest.xml
10
11    <uses-permission android:name="android.permission.READ_PHONE_STATE" />
11-->src\main\AndroidManifest.xml:5:5-75
11-->src\main\AndroidManifest.xml:5:22-72
12    <uses-permission android:name="android.permission.ACCESS_NETWORK_STATE" />
12-->src\main\AndroidManifest.xml:6:5-79
12-->src\main\AndroidManifest.xml:6:22-76
13    <uses-permission android:name="android.permission.BLUETOOTH" />
13-->src\main\AndroidManifest.xml:7:5-68
13-->src\main\AndroidManifest.xml:7:22-65
14    <uses-permission android:name="android.permission.BLUETOOTH_ADMIN" />
14-->src\main\AndroidManifest.xml:8:5-74
14-->src\main\AndroidManifest.xml:8:22-71
15    <uses-permission android:name="android.permission.CHANGE_WIFI_MULTICAST_STATE" />
15-->src\main\AndroidManifest.xml:9:5-86
15-->src\main\AndroidManifest.xml:9:22-83
16    <uses-permission android:name="android.permission.INTERNET" />
16-->src\main\AndroidManifest.xml:10:5-67
16-->src\main\AndroidManifest.xml:10:22-64
17    <uses-permission android:name="android.permission.READ_PRIVILEGED_PHONE_STATE" />
17-->src\main\AndroidManifest.xml:11:5-13:47
17-->src\main\AndroidManifest.xml:12:9-70
18    <uses-permission android:name="MANAGE_EXTERNAL_STORAGE" />
18-->src\main\AndroidManifest.xml:14:5-63
18-->src\main\AndroidManifest.xml:14:22-60
19    <uses-permission android:name="android.permission.WRITE_EXTERNAL_STORAGE" />
19-->src\main\AndroidManifest.xml:15:5-16:40
19-->src\main\AndroidManifest.xml:15:22-78
20    <uses-permission android:name="android.permission.VIBRATE" />
20-->src\main\AndroidManifest.xml:17:5-66
20-->src\main\AndroidManifest.xml:17:22-63
21    <uses-permission android:name="android.permission.MANAGE_EXTERNAL_STORAGE" />
21-->src\main\AndroidManifest.xml:18:5-19:40
21-->src\main\AndroidManifest.xml:18:22-79
22    <uses-permission android:name="android.permission.ACCESS_COARSE_LOCATION" />
22-->src\main\AndroidManifest.xml:20:5-81
22-->src\main\AndroidManifest.xml:20:22-78
23    <uses-permission android:name="android.permission.FLASHLIGHT" />
23-->src\main\AndroidManifest.xml:21:5-69
23-->src\main\AndroidManifest.xml:21:22-66
24    <uses-permission android:name="android.permission.ACCESS_FINE_LOCATION" />
24-->src\main\AndroidManifest.xml:22:5-79
24-->src\main\AndroidManifest.xml:22:22-76
25    <uses-permission android:name="android.permission.READ_EXTERNAL_STORAGE" />
25-->src\main\AndroidManifest.xml:23:5-80
25-->src\main\AndroidManifest.xml:23:22-77
26    <uses-permission android:name="android.permission.REQUEST_INSTALL_PACKAGES" />
26-->src\main\AndroidManifest.xml:24:5-83
26-->src\main\AndroidManifest.xml:24:22-80
27    <uses-permission android:name="android.permission.REQUEST_DELETE_PACKAGES" />
27-->src\main\AndroidManifest.xml:25:5-82
27-->src\main\AndroidManifest.xml:25:22-79
28    <uses-permission android:name="android.permission.RESTART_PACKAGES" />
28-->src\main\AndroidManifest.xml:26:5-75
28-->src\main\AndroidManifest.xml:26:22-72
29
30    <uses-feature
30-->src\main\AndroidManifest.xml:28:5-30:36
31        android:name="android.hardware.usb.host"
31-->src\main\AndroidManifest.xml:29:9-49
32        android:required="false" />
32-->src\main\AndroidManifest.xml:30:9-33
33
34    <uses-permission android:name="com.honeywell.decode.permission.DECODE" />
34-->[DataCollection.aar] AndroidManifest.xml:11:5-78
34-->[DataCollection.aar] AndroidManifest.xml:11:22-75
35    <uses-permission android:name="android.permission.CAMERA" /> <!-- Don't require camera, as this requires a rear camera. This allows it to work on the Nexus 7 -->
35-->[com.journeyapps:zxing-android-embedded:3.6.0] AndroidManifest.xml:22:5-65
35-->[com.journeyapps:zxing-android-embedded:3.6.0] AndroidManifest.xml:22:22-62
36    <uses-feature
36-->[com.journeyapps:zxing-android-embedded:3.6.0] AndroidManifest.xml:25:5-27:36
37        android:name="android.hardware.camera"
37-->[com.journeyapps:zxing-android-embedded:3.6.0] AndroidManifest.xml:26:9-47
38        android:required="false" />
38-->[com.journeyapps:zxing-android-embedded:3.6.0] AndroidManifest.xml:27:9-33
39    <uses-feature
39-->[com.journeyapps:zxing-android-embedded:3.6.0] AndroidManifest.xml:28:5-30:36
40        android:name="android.hardware.camera.front"
40-->[com.journeyapps:zxing-android-embedded:3.6.0] AndroidManifest.xml:29:9-53
41        android:required="false" /> <!-- TODO replace above two with next line after Android 4.2 -->
41-->[com.journeyapps:zxing-android-embedded:3.6.0] AndroidManifest.xml:30:9-33
42    <!-- <uses-feature android:name="android.hardware.camera.any"/> -->
43    <uses-feature
43-->[com.journeyapps:zxing-android-embedded:3.6.0] AndroidManifest.xml:33:5-35:36
44        android:name="android.hardware.camera.autofocus"
44-->[com.journeyapps:zxing-android-embedded:3.6.0] AndroidManifest.xml:34:9-57
45        android:required="false" />
45-->[com.journeyapps:zxing-android-embedded:3.6.0] AndroidManifest.xml:35:9-33
46    <uses-feature
46-->[com.journeyapps:zxing-android-embedded:3.6.0] AndroidManifest.xml:36:5-38:36
47        android:name="android.hardware.camera.flash"
47-->[com.journeyapps:zxing-android-embedded:3.6.0] AndroidManifest.xml:37:9-53
48        android:required="false" />
48-->[com.journeyapps:zxing-android-embedded:3.6.0] AndroidManifest.xml:38:9-33
49    <uses-feature
49-->[com.journeyapps:zxing-android-embedded:3.6.0] AndroidManifest.xml:39:5-41:36
50        android:name="android.hardware.screen.landscape"
50-->[com.journeyapps:zxing-android-embedded:3.6.0] AndroidManifest.xml:40:9-57
51        android:required="false" />
51-->[com.journeyapps:zxing-android-embedded:3.6.0] AndroidManifest.xml:41:9-33
52    <uses-feature
52-->[com.journeyapps:zxing-android-embedded:3.6.0] AndroidManifest.xml:42:5-44:36
53        android:name="android.hardware.wifi"
53-->[com.journeyapps:zxing-android-embedded:3.6.0] AndroidManifest.xml:43:9-45
54        android:required="false" />
54-->[com.journeyapps:zxing-android-embedded:3.6.0] AndroidManifest.xml:44:9-33
55
56    <application
56-->src\main\AndroidManifest.xml:32:5-226:19
57        android:name="br.com.whitemartins.obc.views.DatabaseApp"
57-->src\main\AndroidManifest.xml:35:9-42
58        android:allowBackup="true"
58-->[DataCollection.aar] AndroidManifest.xml:14:9-35
59        android:appComponentFactory="android.support.v4.app.CoreComponentFactory"
59-->[com.android.support:support-compat:28.0.0] AndroidManifest.xml:22:18-91
60        android:debuggable="true"
60-->[DataCollection.aar] AndroidManifest.xml:15:9-35
61        android:extractNativeLibs="false"
62        android:icon="@mipmap/ic_launcher"
62-->src\main\AndroidManifest.xml:36:9-43
63        android:label="@string/app_name"
63-->src\main\AndroidManifest.xml:37:9-41
64        android:requestLegacyExternalStorage="true"
64-->src\main\AndroidManifest.xml:33:9-52
65        android:roundIcon="@mipmap/ic_launcher"
65-->src\main\AndroidManifest.xml:38:9-48
66        android:supportsRtl="true"
66-->src\main\AndroidManifest.xml:39:9-35
67        android:theme="@style/AppTheme"
67-->src\main\AndroidManifest.xml:40:9-40
68        android:usesCleartextTraffic="true" >
68-->src\main\AndroidManifest.xml:34:9-44
69        <receiver
69-->src\main\AndroidManifest.xml:44:9-55:20
70            android:name="br.com.whitemartins.obc.receiver.DevAdminReceiver"
70-->src\main\AndroidManifest.xml:45:13-77
71            android:label="@string/app_name"
71-->src\main\AndroidManifest.xml:46:13-45
72            android:permission="android.permission.BIND_DEVICE_ADMIN" >
72-->src\main\AndroidManifest.xml:47:13-70
73            <intent-filter>
73-->src\main\AndroidManifest.xml:48:13-50:29
74                <action android:name="android.app.action.DEVICE_ADMIN_ENABLED" />
74-->src\main\AndroidManifest.xml:49:17-82
74-->src\main\AndroidManifest.xml:49:25-79
75            </intent-filter>
76
77            <meta-data
77-->src\main\AndroidManifest.xml:52:13-54:56
78                android:name="android.app.device_admin"
78-->src\main\AndroidManifest.xml:53:17-56
79                android:resource="@xml/device_admin" />
79-->src\main\AndroidManifest.xml:54:17-53
80        </receiver>
81
82        <activity
82-->src\main\AndroidManifest.xml:57:9-59:66
83            android:name="br.com.whitemartins.obc.views.InvoiceVorActivity"
83-->src\main\AndroidManifest.xml:58:13-53
84            android:label="@string/title_activity_invoice_vor" />
84-->src\main\AndroidManifest.xml:59:13-63
85        <activity
85-->src\main\AndroidManifest.xml:60:9-62:66
86            android:name="br.com.whitemartins.obc.views.ChargeConsultActivity"
86-->src\main\AndroidManifest.xml:61:13-56
87            android:label="@string/menu_report_charge_consult" />
87-->src\main\AndroidManifest.xml:62:13-63
88
89        <provider
90            android:name="android.support.v4.content.FileProvider"
90-->src\main\AndroidManifest.xml:65:13-67
91            android:authorities="br.com.whitemartins.obc.fileprovider"
91-->src\main\AndroidManifest.xml:66:13-64
92            android:exported="false"
92-->src\main\AndroidManifest.xml:67:13-37
93            android:grantUriPermissions="true" >
93-->src\main\AndroidManifest.xml:68:13-47
94            <meta-data
94-->src\main\AndroidManifest.xml:69:13-71:53
95                android:name="android.support.FILE_PROVIDER_PATHS"
95-->src\main\AndroidManifest.xml:70:17-67
96                android:resource="@xml/filepaths" />
96-->src\main\AndroidManifest.xml:71:17-50
97        </provider>
98
99        <activity android:name="br.com.whitemartins.obc.views.SplashScreemActivity" >
99-->src\main\AndroidManifest.xml:74:9-79:20
99-->src\main\AndroidManifest.xml:74:19-61
100            <intent-filter>
100-->src\main\AndroidManifest.xml:75:13-78:29
101                <action android:name="android.intent.action.MAIN" />
101-->src\main\AndroidManifest.xml:76:17-69
101-->src\main\AndroidManifest.xml:76:25-66
102
103                <category android:name="android.intent.category.LAUNCHER" />
103-->src\main\AndroidManifest.xml:77:17-77
103-->src\main\AndroidManifest.xml:77:27-74
104            </intent-filter>
105        </activity>
106        <activity
106-->src\main\AndroidManifest.xml:80:9-82:55
107            android:name="br.com.whitemartins.obc.views.SignatureActivity"
107-->src\main\AndroidManifest.xml:81:13-52
108            android:label="@string/signature_title" />
108-->src\main\AndroidManifest.xml:82:13-52
109
110        <meta-data
110-->src\main\AndroidManifest.xml:84:9-86:39
111            android:name="com.google.android.gms.vision.DEPENDENCIES"
111-->src\main\AndroidManifest.xml:85:13-70
112            android:value="barcode" />
112-->src\main\AndroidManifest.xml:86:13-36
113        <meta-data
113-->src\main\AndroidManifest.xml:84:9-86:39
114            android:name="com.google.android.gms.vision.DEPENDENCIES"
114-->src\main\AndroidManifest.xml:85:13-70
115            android:value="barcode" />
115-->src\main\AndroidManifest.xml:86:13-36
116
117        <activity
117-->src\main\AndroidManifest.xml:91:9-93:59
118            android:name="br.com.whitemartins.obc.views.ConfirmTravelDataActivity"
118-->src\main\AndroidManifest.xml:92:13-60
119            android:label="@string/confirm_travel_data" />
119-->src\main\AndroidManifest.xml:93:13-56
120        <activity
120-->src\main\AndroidManifest.xml:94:9-96:62
121            android:name="br.com.whitemartins.obc.views.CustomerServiceActivity"
121-->src\main\AndroidManifest.xml:95:13-58
122            android:label="@string/customer_service_label" />
122-->src\main\AndroidManifest.xml:96:13-59
123        <activity
123-->src\main\AndroidManifest.xml:97:9-99:53
124            android:name="br.com.whitemartins.obc.views.CustomerStopActivity"
124-->src\main\AndroidManifest.xml:98:13-55
125            android:label="@string/client_select" />
125-->src\main\AndroidManifest.xml:99:13-50
126        <activity
126-->src\main\AndroidManifest.xml:100:9-102:75
127            android:name="br.com.whitemartins.obc.views.RecoverClientActivity"
127-->src\main\AndroidManifest.xml:101:13-56
128            android:label="@string/title_activity_recovery_client_view" />
128-->src\main\AndroidManifest.xml:102:13-72
129        <activity
129-->src\main\AndroidManifest.xml:103:9-105:61
130            android:name="br.com.whitemartins.obc.views.ConfirmCustomerActivity"
130-->src\main\AndroidManifest.xml:104:13-58
131            android:label="@string/confirm_travel_client" />
131-->src\main\AndroidManifest.xml:105:13-58
132        <activity
132-->src\main\AndroidManifest.xml:106:9-108:51
133            android:name="br.com.whitemartins.obc.views.OperationsActivity"
133-->src\main\AndroidManifest.xml:107:13-53
134            android:label="@string/client_stop" />
134-->src\main\AndroidManifest.xml:108:13-48
135        <activity
135-->src\main\AndroidManifest.xml:109:9-111:57
136            android:name="br.com.whitemartins.obc.views.CustomerListActivity"
136-->src\main\AndroidManifest.xml:110:13-55
137            android:label="@string/client_list_title" />
137-->src\main\AndroidManifest.xml:111:13-54
138        <activity
138-->src\main\AndroidManifest.xml:112:9-114:50
139            android:name="br.com.whitemartins.obc.views.InvoiceActivity"
139-->src\main\AndroidManifest.xml:113:13-50
140            android:label="@string/order_sell" />
140-->src\main\AndroidManifest.xml:114:13-47
141        <activity
141-->src\main\AndroidManifest.xml:115:9-117:48
142            android:name="br.com.whitemartins.obc.views.AddItemActivity"
142-->src\main\AndroidManifest.xml:116:13-50
143            android:label="@string/add_item" />
143-->src\main\AndroidManifest.xml:117:13-45
144        <activity
144-->src\main\AndroidManifest.xml:118:9-120:55
145            android:name="br.com.whitemartins.obc.views.InvoiceRastreabActivity"
145-->src\main\AndroidManifest.xml:119:13-58
146            android:label="@string/rastreabilidade" />
146-->src\main\AndroidManifest.xml:120:13-52
147        <activity
147-->src\main\AndroidManifest.xml:121:9-125:52
148            android:name="br.com.whitemartins.obc.views.InvoiceFinishActivity"
148-->src\main\AndroidManifest.xml:122:13-56
149            android:configChanges="keyboardHidden|orientation"
149-->src\main\AndroidManifest.xml:123:13-63
150            android:label="@string/finish_order"
150-->src\main\AndroidManifest.xml:124:13-49
151            android:screenOrientation="portrait" />
151-->src\main\AndroidManifest.xml:125:13-49
152        <activity
152-->src\main\AndroidManifest.xml:127:9-129:50
153            android:name="br.com.whitemartins.obc.views.CecActivity"
153-->src\main\AndroidManifest.xml:128:13-46
154            android:label="@string/titulo_cec" />
154-->src\main\AndroidManifest.xml:129:13-47
155        <activity android:name="br.com.whitemartins.obc.views.BarCodeActivity" />
155-->src\main\AndroidManifest.xml:130:9-59
155-->src\main\AndroidManifest.xml:130:19-56
156        <activity
156-->src\main\AndroidManifest.xml:131:9-133:58
157            android:name="br.com.whitemartins.obc.views.ItemListActivity"
157-->src\main\AndroidManifest.xml:132:13-51
158            android:label="@string/product_list_title" />
158-->src\main\AndroidManifest.xml:133:13-55
159        <activity
159-->src\main\AndroidManifest.xml:134:9-136:66
160            android:name="br.com.whitemartins.obc.views.LoadTravelActivity"
160-->src\main\AndroidManifest.xml:135:13-53
161            android:label="@string/title_activity_load_travel" />
161-->src\main\AndroidManifest.xml:136:13-63
162        <activity
162-->src\main\AndroidManifest.xml:137:9-139:67
163            android:name="br.com.whitemartins.obc.views.ChargeCheckActivity"
163-->src\main\AndroidManifest.xml:138:13-54
164            android:label="@string/title_activity_charge_check" />
164-->src\main\AndroidManifest.xml:139:13-64
165        <activity
165-->src\main\AndroidManifest.xml:140:9-143:67
166            android:name="br.com.whitemartins.obc.views.BeginTravelActivity"
166-->src\main\AndroidManifest.xml:141:13-54
167            android:configChanges="keyboardHidden|orientation"
167-->src\main\AndroidManifest.xml:142:13-63
168            android:label="@string/title_activity_begin_travel" />
168-->src\main\AndroidManifest.xml:143:13-64
169        <activity
169-->src\main\AndroidManifest.xml:144:9-146:66
170            android:name="br.com.whitemartins.obc.views.AddMessageActivity"
170-->src\main\AndroidManifest.xml:145:13-53
171            android:label="@string/title_activity_add_message" />
171-->src\main\AndroidManifest.xml:146:13-63
172        <activity
172-->src\main\AndroidManifest.xml:147:9-149:57
173            android:name="br.com.whitemartins.obc.views.CilinderPPActivity"
173-->src\main\AndroidManifest.xml:148:13-53
174            android:label="@string/title_cilinder_pp" />
174-->src\main\AndroidManifest.xml:149:13-54
175        <activity
175-->src\main\AndroidManifest.xml:150:9-152:68
176            android:name="br.com.whitemartins.obc.views.ActivateDeviceActivity"
176-->src\main\AndroidManifest.xml:151:13-57
177            android:label="@string/title_activity_activate_user" />
177-->src\main\AndroidManifest.xml:152:13-65
178        <activity
178-->src\main\AndroidManifest.xml:153:9-155:67
179            android:name="br.com.whitemartins.obc.views.CustomerOrderActivity"
179-->src\main\AndroidManifest.xml:154:13-56
180            android:label="@string/title_activity_client_order" />
180-->src\main\AndroidManifest.xml:155:13-64
181        <activity
181-->src\main\AndroidManifest.xml:156:9-158:66
182            android:name="br.com.whitemartins.obc.views.ReprintCecActivity"
182-->src\main\AndroidManifest.xml:157:13-53
183            android:label="@string/title_activity_reimpressao" />
183-->src\main\AndroidManifest.xml:158:13-63
184        <activity
184-->src\main\AndroidManifest.xml:159:9-161:61
185            android:name="br.com.whitemartins.obc.views.SearchActivity"
185-->src\main\AndroidManifest.xml:160:13-49
186            android:label="@string/title_activity_search" />
186-->src\main\AndroidManifest.xml:161:13-58
187        <activity
187-->src\main\AndroidManifest.xml:162:9-164:69
188            android:name="br.com.whitemartins.obc.views.BeginSearchActivity"
188-->src\main\AndroidManifest.xml:163:13-54
189            android:label="@string/title_activity_begin_pesquisa" />
189-->src\main\AndroidManifest.xml:164:13-66
190        <activity
190-->src\main\AndroidManifest.xml:165:9-167:67
191            android:name="br.com.whitemartins.obc.views.PaymentCardActivity"
191-->src\main\AndroidManifest.xml:166:13-54
192            android:label="@string/title_activity_payment_card" />
192-->src\main\AndroidManifest.xml:167:13-64
193        <activity
193-->src\main\AndroidManifest.xml:168:9-170:67
194            android:name="br.com.whitemartins.obc.views.InvoiceViewActivity"
194-->src\main\AndroidManifest.xml:169:13-54
195            android:label="@string/title_activity_invoice_view" />
195-->src\main\AndroidManifest.xml:170:13-64
196        <activity
196-->src\main\AndroidManifest.xml:171:9-173:59
197            android:name="br.com.whitemartins.obc.views.InvoiceSyncActivity"
197-->src\main\AndroidManifest.xml:172:13-54
198            android:label="@string/title_sync_invoices" />
198-->src\main\AndroidManifest.xml:173:13-56
199        <activity
199-->src\main\AndroidManifest.xml:174:9-176:59
200            android:name="br.com.whitemartins.obc.views.InvoiceLostActivity"
200-->src\main\AndroidManifest.xml:175:13-54
201            android:label="@string/title_lost_invoices" />
201-->src\main\AndroidManifest.xml:176:13-56
202        <activity
202-->src\main\AndroidManifest.xml:177:9-179:62
203            android:name="br.com.whitemartins.obc.views.LotePatActivity"
203-->src\main\AndroidManifest.xml:178:13-50
204            android:label="@string/title_activity_lot_pat" />
204-->src\main\AndroidManifest.xml:179:13-59
205        <activity
205-->src\main\AndroidManifest.xml:180:9-182:73
206            android:name="br.com.whitemartins.obc.views.VolumeInformationActivity"
206-->src\main\AndroidManifest.xml:181:13-60
207            android:label="@string/title_activity_volume_information" />
207-->src\main\AndroidManifest.xml:182:13-70
208        <activity
208-->src\main\AndroidManifest.xml:183:9-185:63
209            android:name="br.com.whitemartins.obc.views.FutViewActivity"
209-->src\main\AndroidManifest.xml:184:13-50
210            android:label="@string/title_activity_fut_view" />
210-->src\main\AndroidManifest.xml:185:13-60
211        <activity
211-->src\main\AndroidManifest.xml:186:9-188:63
212            android:name="br.com.whitemartins.obc.views.TransferActivity"
212-->src\main\AndroidManifest.xml:187:13-51
213            android:label="@string/title_activity_transfer" />
213-->src\main\AndroidManifest.xml:188:13-60
214        <activity
214-->src\main\AndroidManifest.xml:189:9-191:67
215            android:name="br.com.whitemartins.obc.views.TransferMenuActivity"
215-->src\main\AndroidManifest.xml:190:13-55
216            android:label="@string/title_activity_tranfer_menu" />
216-->src\main\AndroidManifest.xml:191:13-64
217        <activity
217-->src\main\AndroidManifest.xml:192:9-194:70
218            android:name="br.com.whitemartins.obc.views.InvoicePendentActivity"
218-->src\main\AndroidManifest.xml:193:13-57
219            android:label="@string/title_activity_invoice_pendent" />
219-->src\main\AndroidManifest.xml:194:13-67
220        <activity
220-->src\main\AndroidManifest.xml:195:9-197:67
221            android:name="br.com.whitemartins.obc.views.InvoiceImagePendentActivity"
221-->src\main\AndroidManifest.xml:196:13-62
222            android:label="@string/title_activity_cecs_pendent" />
222-->src\main\AndroidManifest.xml:197:13-64
223        <activity
223-->src\main\AndroidManifest.xml:198:9-200:61
224            android:name="br.com.whitemartins.obc.views.ReportActivity"
224-->src\main\AndroidManifest.xml:199:13-49
225            android:label="@string/title_activity_report" />
225-->src\main\AndroidManifest.xml:200:13-58
226        <activity
226-->src\main\AndroidManifest.xml:201:9-203:66
227            android:name="br.com.whitemartins.obc.views.FinishTravelActivity"
227-->src\main\AndroidManifest.xml:202:13-55
228            android:label="@string/title_activity_finish_trip" />
228-->src\main\AndroidManifest.xml:203:13-63
229        <activity
229-->src\main\AndroidManifest.xml:204:9-206:71
230            android:name="br.com.whitemartins.obc.views.DeleteBaseActivity"
230-->src\main\AndroidManifest.xml:205:13-53
231            android:label="@string/title_activity_delete_data_base" />
231-->src\main\AndroidManifest.xml:206:13-68
232        <activity
232-->src\main\AndroidManifest.xml:207:9-209:71
233            android:name="br.com.whitemartins.obc.views.CountCylinderActivity"
233-->src\main\AndroidManifest.xml:208:13-56
234            android:label="@string/title_activity_counter_cilinder" />
234-->src\main\AndroidManifest.xml:209:13-68
235        <activity
235-->src\main\AndroidManifest.xml:210:9-212:65
236            android:name="br.com.whitemartins.obc.views.CountHCActivity"
236-->src\main\AndroidManifest.xml:211:13-50
237            android:label="@string/title_activity_counter_hc" />
237-->src\main\AndroidManifest.xml:212:13-62
238        <activity
238-->src\main\AndroidManifest.xml:213:9-215:64
239            android:name="br.com.whitemartins.obc.views.NextTripActivity"
239-->src\main\AndroidManifest.xml:214:13-51
240            android:label="@string/title_activity_next_trip" />
240-->src\main\AndroidManifest.xml:215:13-61
241        <activity
241-->src\main\AndroidManifest.xml:216:9-218:63
242            android:name="br.com.whitemartins.obc.views.ConfigActivity"
242-->src\main\AndroidManifest.xml:217:13-49
243            android:label="@string/title_activity_settings" />
243-->src\main\AndroidManifest.xml:218:13-60
244        <activity
244-->src\main\AndroidManifest.xml:219:9-221:75
245            android:name="br.com.whitemartins.obc.views.RecoveryClientViewActivity"
245-->src\main\AndroidManifest.xml:220:13-61
246            android:label="@string/title_activity_recovery_client_view" />
246-->src\main\AndroidManifest.xml:221:13-72
247        <activity
247-->src\main\AndroidManifest.xml:222:9-225:73
248            android:name="br.com.whitemartins.obc.views.PrinterDiscoverActivity"
248-->src\main\AndroidManifest.xml:223:13-58
249            android:configChanges="keyboardHidden|orientation"
249-->src\main\AndroidManifest.xml:224:13-63
250            android:label="@string/title_activity_bluetooth_discover" />
250-->src\main\AndroidManifest.xml:225:13-70
251
252        <provider
252-->[android.arch.lifecycle:extensions:1.1.1] AndroidManifest.xml:23:9-27:43
253            android:name="android.arch.lifecycle.ProcessLifecycleOwnerInitializer"
253-->[android.arch.lifecycle:extensions:1.1.1] AndroidManifest.xml:24:13-83
254            android:authorities="br.com.whitemartins.obc.lifecycle-trojan"
254-->[android.arch.lifecycle:extensions:1.1.1] AndroidManifest.xml:25:13-68
255            android:exported="false"
255-->[android.arch.lifecycle:extensions:1.1.1] AndroidManifest.xml:26:13-37
256            android:multiprocess="true" />
256-->[android.arch.lifecycle:extensions:1.1.1] AndroidManifest.xml:27:13-40
257
258        <activity
258-->[com.journeyapps:zxing-android-embedded:3.6.0] AndroidManifest.xml:47:9-53:63
259            android:name="com.journeyapps.barcodescanner.CaptureActivity"
259-->[com.journeyapps:zxing-android-embedded:3.6.0] AndroidManifest.xml:48:13-74
260            android:clearTaskOnLaunch="true"
260-->[com.journeyapps:zxing-android-embedded:3.6.0] AndroidManifest.xml:49:13-45
261            android:screenOrientation="sensorLandscape"
261-->[com.journeyapps:zxing-android-embedded:3.6.0] AndroidManifest.xml:50:13-56
262            android:stateNotNeeded="true"
262-->[com.journeyapps:zxing-android-embedded:3.6.0] AndroidManifest.xml:51:13-42
263            android:theme="@style/zxing_CaptureTheme"
263-->[com.journeyapps:zxing-android-embedded:3.6.0] AndroidManifest.xml:52:13-54
264            android:windowSoftInputMode="stateAlwaysHidden" />
264-->[com.journeyapps:zxing-android-embedded:3.6.0] AndroidManifest.xml:53:13-60
265        <activity
265-->[com.google.android.gms:play-services-base:16.0.1] AndroidManifest.xml:23:9-26:75
266            android:name="com.google.android.gms.common.api.GoogleApiActivity"
266-->[com.google.android.gms:play-services-base:16.0.1] AndroidManifest.xml:24:13-79
267            android:exported="false"
267-->[com.google.android.gms:play-services-base:16.0.1] AndroidManifest.xml:25:13-37
268            android:theme="@android:style/Theme.Translucent.NoTitleBar" />
268-->[com.google.android.gms:play-services-base:16.0.1] AndroidManifest.xml:26:13-72
269
270        <meta-data
270-->[com.google.android.gms:play-services-basement:16.1.0] AndroidManifest.xml:23:9-25:69
271            android:name="com.google.android.gms.version"
271-->[com.google.android.gms:play-services-basement:16.1.0] AndroidManifest.xml:24:13-58
272            android:value="@integer/google_play_services_version" />
272-->[com.google.android.gms:play-services-basement:16.1.0] AndroidManifest.xml:25:13-66
273        <meta-data
273-->[com.android.support:support-v4:26.1.0] AndroidManifest.xml:26:9-28:38
274            android:name="android.support.VERSION"
274-->[com.android.support:support-v4:26.1.0] AndroidManifest.xml:27:13-51
275            android:value="26.1.0" />
275-->[com.android.support:support-v4:26.1.0] AndroidManifest.xml:28:13-35
276    </application>
277
278</manifest>